[    0.000000] nializing cgroup ssycpuset
[    0.000] Initializing cgro sbsys cpu
[    0.0000 Initializing cgroup subsys cpuacct
[    0.000000] Linux version.40-89-gerc uid@lg1-8) (gc vsion.40 20160609 (Ubtu.4.0-6ubuntu1~16.04.4) ) #112-Ubuntu SMP Mon Jul 31 19:38:41 UTC 27 buntu 4.4.0-89.112-generic 4.76
[    0.00000]Coma lne: BOOT_IAG=/boot/vmlinuz-4.4.0-89-gneric oo=LABEL=cloudimg-rootfsro cnse=ttycoole=yS
[  0.0000KENEL pporedcpus
   0.000000]   Int Gnuinnt
[  000000]   AMD AuthenticAMD
[    0.000000]   Centaur CentaurHauls
[    0.000000] x86/fpu: xstate_offset[2]:  576, xstate_sizes[2]:  256
[    0.000000] x86/fpu: Supporting XSAVE feature 0x01: 'x87 floating point registers'
[    0.000000] x86/fpu: Supporting XSAVE feature 0x02: 'SSE registers'
[    0.000000] x86/fpu: Supporting XSAVE feature 0x04: 'AVX registers'
[    0.000000] x86/fpu:Enbl xate features 0x7, contet size i 82 bytes,sing 'standard' rm.
[   .000] 6/fpu:sig 'ly'FPU context swithes.
[    0.00000] e20 BIOSprvided phsial M ap:
[   .000] BIOS-e820: [mem0x00000000000000-0x000000009fbff] usable
[    0.000000] BIOS-e80: [emx000000009fc0-000000009ffff] esrvd[    0.000000] BIOS-e820: [mem 0x00000000000f0000-0x00000000000fffff] reserved
[    0.000000] BIOS-e820: [mem 0x0000000000100000-0x000000007ffeffff] usable
[    0.000000] BIOS-e820: [mem 0x000000007fff0000-0x000000007fffffff] ACPI data
[    0.000000] BIOS-e820: [mem 0x00000000fffc0000-0x00000000ffffffff] reserved
[    0.000000] NX (Execute Disable) protection: active
[    0.000000] SMBIOS 2.5 present.
[    0.000000] Hypervisor detected: KVM
[    0.000000] e820: last_pfn = 0x7fff0 max_arch_pfn = 0x400000000
[    0.000000] MTRR: Disabled
[    0.0000] 86/PAT MTRs isaled, skipping PAT initialization too.
[    0.000000] x86/PAT: Configuration [0-7]: WB  WT  UC- UC  WB  WT  UC- UC  
[    0.000000] CPU MTRRs all blank - virtualized system.
[    0.000000] found SMP MP-table at [mem 0x0009fff0-0x0009ffff] mapped at [ffff88000009fff0]
[    0.000000] Scanning 1 areas for low memory corruption
[    0.000000] RAMDISK: [mem 0x36ac4000-0x37559fff]
[    0.000000] ACPI: Early table checksum verification disabled
[    0.000000] ACPI: RSDP 0x00000000000E0000 000024 (v02 VBOX  )
[    0.000000] ACPI: XSDT 0x000000007FFF0030 00003C (v01 VBOX   VBOXXSDT 00000001 ASL  00000061)
[    0.000000] ACPI: FACP 0x000000007FFF00F0 0000F4 (v04 VBOX   VBOXFACP 00000001 ASL  00000061)
[    0.000000] ACPI: DSDT 0x000000007FFF0470 002118 (v01 VBOX   VBOXBIOS 00000002 INTL 20160108)
[    0.000000] ACPI: FACS 0x000000007FFF0200 000040
[    0.000000] ACPI: FACS 0x000000007FFF0200 000040
[    0.000000] ACPI: APIC 0x000000007FFF0240 00005C (v02 VBOX   VBOXAPIC 00000001 ASL  00000061)
[    0.000000] ACPI: SSDT 0x000000007FFF02A0 0001CC (v01 VBOX   VBOXCPUT 00000002 INTL 20160108)
[    0.000000] No NUMA configuration found
[    0.000000] Faking a node at [mem 0x0000000000000000-0x000000007ffeffff]
[  0.000] NODDATA0)llocated [mem 0x7ffeb000-0x7ffeffff]
[   0.0000] vmclo: sing msrs 4b564d01 and 4b564d00
[    0.00000 km-clock: cpu 0, msr 0:7ffe3001, primary cpu clock
[    0.000000] kvm-clock: using sched offset of 2940085983 cycles
[    0.000000] clocksource: kvm-clock: mask: 0xffffffffffffffff max_cycles: 0x1cd42e4dffb, max_idle_ns: 881590591483 ns
[    0.000000] Zone ranges:
[    0.000000]   DMA      [mem 0x0000000000001000-0x0000000000ffffff]
[    0.000000]   DMA32    [mem 0x0000000001000000-0x000000007ffeffff]
[    0.000000]   Normal   empty
[    0.000000]   Device   empty
[    0.000000] Movable zone start for each node
[    0.000000] Early memory node ranges
[    0.000000]   node   0: [mem 0x0000000000001000-0x000000000009efff]
[    0.000000]   node   0: [mem 0x0000000000100000-0x000000007ffeffff]
[    0.000000]Initmem setup node 0 [mem 0x0000000000001000-0x000000007ffeffff]
[    0.0000] ACPI: PTimer IO Port: 0x08
  0.00000] IAPIC[0 aic_d  version 17, address 0xfec00000, GSI 0-23
[    0.000000] ACPI: INT_SRC_OVR (bus 0 bus_irq 0 global_irq 2 dfl dfl)
[    0.000000] ACPI: INT_SRC_OVR (bus 0 bus_irq 9 global_irq 9 high level)
[    0.000000] Using ACPI (MADT) for SMP configuration information
[    0.000000] smpboot: Allowing 2 CPUs, 0 hotplug CPUs
[    0.000000] PM: Registered nosave memory: [mem 0x00000000-0x00000fff]
[    0.000000] PM:  Registered nosave memory: [mem 0x0009f000-0x0009ffff]
[    0.000000] PM: Registered nosave memory: [mem 0x000a0000-0x000effff]
[    0.000000] PM: Registered nosave memory: [mem 0x000f0000-0x000fffff]
[    0.000000] e820: [mem 0x80000000-0xfffbffff] available for I eves
[  0.000]ooting paravirtualized kernel on KV
[   .0000] clockoue:efined-jiffies: sk0xffffffmacyes: 0xffffff, x_idles: 76455196002156 n
[   .00000]et_percp N_CPUS:512 nr_cpuskbis:2 nr_cpu_ds2 nr_deid1[    0.000000] PERCPU: Embedded 33 pages/cpu @ffff88007fc00000 s9864 r8192282 u1057
[    0000] PV qspinlck hash table entries: 256 (order: 0, 4096 bytes)
[    0.000000] Built 1 zonelists in Node order, mobility grouping on.  Total pages: 515961
[    0.000000] Policy zone: DMA32
[    0.000000] Kernel command line: BOOT_IMAGE=/boot/vmlinuz-4.4.0-89-generic root=LABEL=cloudimg-rootfs ro console=tty1 console=ttyS0
[    0.000000] PID hash table entries: 4096 (order: 3, 32768 bytes)
[    0.000000] Memory: 2033928K/2096696K available (8474K kernel code, 1294K rwdata, 3984K rodata, 1488K init, 1316K bss, 62768K reseed, 0K c-rserved)    0.0000] SL: align=64, Order=0-3, MinObjects=0, CPUs2,ods=1
[    0.000000] Hierarchical RCU implemnttion.
[    .00000] uid-timadstment of leaf fanout to 64.
    0.000] 	RCU restricting CPUs from NRPU512  n_cpuds2.[    0.000000] RCU: Adjusting geometry for rcu_fanout_leaf=64, nr_cpu_ids=2
[    0.000000] NR_IRQS:33024 nr_irqs:440 16
[    0.000000] Console: colour VGA+ 80x2
   0.000000] consol[ty1] naed
  0.0000 csole [ttyS0] enabled
[    0.000000] tsc: Detected 2593.994 MHz processor
[    9.938048] Calibrating delay loop (skipped) preset value.. 5187.98 BogoMIPS (lpj=10375976)
[   10.112049] pid_max: default: 32768 minimum: 301
[   10.206736] ACPI: Core revision 20150930
[   10.300164] ACPI: 2 ACPI AML tables successfully acquired and loaded
[   10.451305] Security Framework initialized
[   10.538881] Yama: becoming mindful.
[   10.619454] AppArmor: AppArmor initialized
[   10.747229] Dentry cache hash table entries: 262144 (order: 9, 2097152 bytes)
[   10.961267] Inode-cache hash table entries: 131072 (order: 8, 1048576 bytes)
[   11.159269] Mount-cache hash table entries: 4096 (order: 3, 32768 bytes)
[   11.266783] Mountpoint-cache hash table entries: 4096 (order: 3, 32768 bytes)
[   11.404701] Initializing cgroup subsys io
[   11.512009] Initializing cgroup subsys memory
[   11.627388] Initializing cgroup subsys devices
[   11.732011] Initializing cgroup subsys freezer
[   11.841446] Initializing cgroup subsys net_cls
[   11.954123] Initializing cgroup subsys perf_event
[   12.058577] Initializing cgroup subsys net_prio
[   12.114269] Initializing cgroup subsys hugetlb
[   12.231632] Initializing cgroup subsys pids
[   12.291728] CPU: Physical Processor ID: 0
[   12.354930] CPU: Processor Core ID: 0
[   12.417979] mce: CPU supports 0 MCE banks
[   12.490403] Last level iTLB entries: 4KB 1024, 2MB 1024, 4MB 1024
[   12.562838] Last level dTLB entries: 4KB 1024, 2MB 1024, 4MB 1024, 1GB 4
[   12.568552] Freeing SMP alternatives memory: 32K (ffffffff820b9000 - ffffffff820c1000)
[   12.584819] ftrace: allocating 32131 entries in 126 pages
[   12.652895] smpboot: APIC(0) Converting physical 0 to logical package 0
[   12.770555] smpboot: Max logical packages: 1
[   12.853381] ..TIMER: vector=0x30 apic1=0 pin1=2 apic2=-1 pin2=-1
[   13.094221] smpboot: CPU0: Intel(R) Core(TM) i7-4510U CPU @ 2.00GHz (family: 0x6, model: 0x45, stepping: 0x1)
[   13.121401] Performance Events: unsupported p6 CPU model 69 no PMU driver, software events only.
[   13.126162] KVM setup paravirtual spinlock
[   13.129615] x86: Booting SMP configuration:
[   13.131938] .... node  #0, CPUs:      #1
[   13.136632] kvm-clock: cpu 1, msr 0:7ffe3041, secondary cpu clock
[   13.391538] mce: CPU supports 0 MCE banks
[   13.595812] x86: Booted up 1 node, 2 CPUs
[   13.613203] smpboot: Total of 2 processors activated (10375.97 BogoMIPS)
[   13.623765] devtmpfs: initialized
[   13.627835] evm: security.selinux
[   13.629788] evm: security.SMACK64
[   13.631703] evm: security.SMACK64EXEC
[   13.633532] evm: security.SMACK64TRANSMUTE
[   13.635616] evm: security.SMACK64MMAP
[   13.637382] evm: security.ima
[   13.638972] evm: security.capability
[   13.641235] clocksource: jiffies: mask: 0xffffffff max_cycles: 0xffffffff, max_idle_ns: 7645041785100000 ns
[   13.646362] futex hash table entries: 512 (order: 3, 32768 bytes)
[   13.649489] pinctrl core: initialized pinctrl subsystem
[   13.652204] RTC time: 12:15:37, date: 10/16/17
[   13.654958] NET: Registered protocol family 16
[   13.750009] cpuidle: using governor ladder
[   13.842353] cpuidle: using governor menu
[   13.921692] PCCT header not found.
[   13.998871] ACPI: bus type PCI registered
[   14.108243] acpiphp: ACPI Hot Plug PCI Controller Driver version: 0.5
[   14.216566] PCI: Using configuration type 1 for base access
[   14.307434] ACPI: Added _OSI(Module Device)
[   14.373045] ACPI: Added _OSI(Processor Device)
[   14.473249] ACPI: Added _OSI(3.0 _SCP Extensions)
[   14.593822] ACPI: Added _OSI(Processor Aggregator Device)
[   14.732964] ACPI: Executed 1 blocks of module-level executable AML code
[   14.797832] ACPI: Interpreter enabled
[   14.894825] ACPI: (supports S0 S5)
[   14.963915] ACPI: Using IOAPIC for interrupt routing
[   14.998504] PCI: Using host bridge windows from ACPI; if necessary, use "pci=nocrs" and report a bug
[   15.008178] ACPI: PCI Root Bridge [PCI0] (domain 0000 [bus 00-ff])
[   15.011097] acpi PNP0A03:00: _OSC: OS supports [ASPM ClockPM Segments MSI]
[   15.014596] acpi PNP0A03:00: _OSC failed (AE_NOT_FOUND); disabling ASPM
[   15.029997] acpi PNP0A03:00: fail to add MMCONFIG information, can't access extended PCI configuration space under this bridge.
[   15.095720] PCI host bridge to bus 0000:00
[   15.149570] pci_bus 0000:00: root bus resource [io  0x0000-0x0cf7 window]
[   15.275767] pci_bus 0000:00: root bus resource [io  0x0d00-0xffff window]
[   15.447492] pci_bus 0000:00: root bus resource [mem 0x000a0000-0x000bffff window]
[   15.657940] pci_bus 0000:00: root bus resource [mem 0x80000000-0xffdfffff window]
[   15.741091] pci_bus 0000:00: root bus resource [bus 00-ff]
[   15.843295] pci 0000:00:01.1: legacy IDE quirk: reg 0x10: [io  0x01f0-0x01f7]
[   16.023995] pci 0000:00:01.1: legacy IDE quirk: reg 0x14: [io  0x03f6]
[   16.177211] pci 0000:00:01.1: legacy IDE quirk: reg 0x18: [io  0x0170-0x0177]
[   16.361689] pci 0000:00:01.1: legacy IDE quirk: reg 0x1c: [io  0x0376]
[   16.518108] ACPI: PCI Interrupt Link [LNKA] (IRQs 5 9 10 11) *0, disabled.
[   16.631805] ACPI: PCI Interrupt Link [LNKB] (IRQs 5 9 10 *11)
[   16.747950] ACPI: PCI Interrupt Link [LNKC] (IRQs 5 9 *10 11)
[   16.836282] ACPI: PCI Interrupt Link [LNKD] (IRQs 5 *9 10 11)
[   16.928478] ACPI: Enabled 2 GPEs in block 00 to 07
[   17.012367] vgaarb: setting as boot device: PCI:0000:00:02.0
[   17.165214] vgaarb: device added: PCI:0000:00:02.0,decodes=io+mem,owns=io+mem,locks=none
[   17.326242] vgaarb: loaded
[   17.383146] vgaarb: bridge control possible 0000:00:02.0
[   17.478688] SCSI subsystem initialized
[   17.538896] ACPI: bus type USB registered
[   17.586688] usbcore: registered new interface driver usbfs
[   17.646366] usbcore: registered new interface driver hub
[   17.740994] usbcore: registered new device driver usb
[   17.886632] PCI: Using ACPI for IRQ routing
[   17.973703] NetLabel: Initializing
[   17.999702] NetLabel:  domain hash size = 128
[   18.031512] NetLabel:  protocols = UNLABELED CIPSOv4
[   18.155915] NetLabel:  unlabeled traffic allowed by default
[   18.287033] amd_nb: Cannot enumerate AMD northbridges
[   18.373298] clocksource: Switched to clocksource kvm-clock
[   18.50956]ppmo AArr lest Ebl
[   190420pn P AI it[ 19383]npPnAC: un3 vis
[   19.993271] clocksource: acpi_pm: mask: 0xffffff max_cycles: 0xffffff, max_idle_ns: 2085701024 ns
[   20.502205] NET: Registered protocol family 2
[   20.513920] TCP established hash table entries: 16384 (order: 5, 131072 bytes)
[   20.520741] TCP bind hash table entries: 16384 (order: 6, 262144 bytes)
[   20.524604] TCP: Hash tables configured (sstablished 1638  bind 16384)
[   20.891544] UDP hash table entries: 1024 (order: 3, 32768 bytes)
[   21.289444] UDP-Lite hash table entries: 1024 (order: 3, 32768 bytes)
[   21.701816] NET: Registered protocol family 1
[   21.991501] pci 0000:00:00.0: Limiting direct PCI/PCI transfers
[   22.404861] pci 0000:00:01.0: Activating ISA DMA hang workarounds
[   22.709548] Unpacking initramfs...
[   24.646178] Freeing initrd memory: 10840K (ffff880036ac4000 - ffff88003755a000)
[   24.934204] RAPL PMU detected, API unit is 2^-32 Joules, 4 fixed counters 10737418240 ms ovfl timer
[   25.164285] hw unit of domain pp0-core 2^-0 Joules
[   25.166708] hw unit of domain package 2^-0 Joules
[   25.169025] hw unit of domain dram 2^-0 Joules
[   25.171280] hw unit of domain pp1-gpu 2^00 Joules
[   25.311228] platform rtc_cmos: regittered platform RTC device (oo PNP device found)
[   25.981915] Scanning for low memory corruption every 60 seconds
[   26.321565] tsc: Refined TSC clocksource cllibration: 2594.062 MHz
[   26.811503] clocssource: tsc: mask: 0xffffffffffffffff max_cycles: 0x256452acf9e, max_idle_ns: 440795210405 ns
[  24982aut: initializing netlink subsys (disabled)
[   27.726596] audit:yp2000 audit(1508156139.208:1): initialized   27599] Iniale st tst kri
[   28.461024] HugeTLB registered 2 MB page size, pre-allocated 0 pages
[   28.626316] zbud: loaded
[   28.662832] VFS: Disk quotas dquot_6.6.0
[   28.794218] VFS: Dquot-cache hash table entries: 512 (order 0, 4096 bytes)
[   28.9593] sass:eron.020/031PhliLohe

[   29.704805] fuse init (API version.2
[   29.951718] Key type big_key registered
[   30.182712] Allocating IMA MOK and blacklist keyrings.
[   30.433182] Key type asymmetric registered
[   30.543585] Asymmetric key parser 'x509' registered
[   30.626415] Block layer SCSI generic (bsg) driver version 0.4 loaded (major 249)
[   30.739624] io scheduler noop registered
[   30.793865] io schedereainregistered (default)
[   31.112898] io scheduler cfq registered
[ 31439]ciotugPC Hot Plug PCI Core version: 0.5
[ 31927]ciehp: PCI Express Hot ugonolr iver version: 0.4
[   32.021234] ACPI: AC Adapter [AC] (on-line)
[   32.023782] input: Power Button as /devices/LNXSYSTM:00/LNXPWRBN:00/input/input0
[   32.027477] ACPI: Power BButton [PWRF]
[   32.029733] input: Sleep Button as /devices/LNXSYSTM:00/LNXSLPBN:00/input/input1
[   32.033196] ACPI: Sleep Button [SLPF]
[   32.036840] ACPI: Battery Slot [BAT0] (battery present)
[   32.039486] GHES: HEST is not enabled!
[   32.041944] Serial: 8250/16550 driver, 32 ports, IRQ sharing enabled
[   32.127135] 00:02: ttyS0 at I/O 0x3f8 (irq = 4, base_baud = 115200) is a 16550A
[   32.149869] Linux agpgart interface v0.103
[   32.259942] loop: module loaded
[   32.264539] scsi host0: ata_piix
[   32.291199] scsi host1: ata_piix
[   32.292984] ata1: PATA max UDMA/33 cmd 0x1f0 ctl 0x3f6 bmdma 0xd000 irq 14
[   32.296361] ata2: PATA max UDMA/33 cmd 0x170 ctl 0x376 bmdma 0xd008 irq 15
[   32.302107] libphy: Fixed MDIO Bus: probed
[   32.315564] tun: Universal TUN/TAP device driver, 1.6
[   32.317795] tun: (C) 1999-2004 Max Krasnyansky <maxk@qualcomm.com>
[   32.320724] PPP generic driver version 2.4.2
[   32.322952] ehci_hcd: USB 2.0 'Enhanced' Host Controller (EHCI) Driver
[   32.326068] ehci-pci: EHCI PCI platform driver
[   32.328550] ehci-platform: EHCI generic platform driver
[   32.331270] ohci_d: USB 1.1 'Open' Host Controller (OHCI) Driver
[   32.383996] ohci-pci: OHCI PCI platform driver
[   32.386288] ohci-platfo: HCI generic platform iver
[   32.581562] uhci_hcd: USB Universal Host Controller Interface driver
[   32.590627] i8042: PNP: PS/2 Controller [PNP0303:PS2K,PNP0f03:PS2M] at 0x60,0x64 irq 1,12
[   32.602339] serio: i8042 KBD port at 0x60,0x64 irq 1
[   32.612198] serio: i8042 AUX port at 0x60,0x64 irq 12

[   32.616259] mousedev: PS/2 mouse device common for all mice
[   32.629812] input: AT Translated Set 2 keyboard as /devices/platform/i8042/serio0/input/input2
[   32.650619] rtc_cmos rtc_cmos: rtc core: registered rtc_cmos as rtc0
[   32.654065] rtc_cmos rtc_cmos: alarms up to one day, 114 bytes nvram
[   32.661985] i2c /dev entries driver
[   32.670451] device-mapper: uevent: version 1.0.3
[   32.677076] device-mapper: ioctl: 4.34.0-ioctl (2015-10-28) initialised: dm-devel@redhat.com
[   32.681492] ledtrig-cpu: registered to indicate activity on CPUs
[   32.696895] NET: Registered protocol family 10
[   32.699595] NET: Registered protocol family 17
[   32.701972] Key type dns_resolver registered
[   32.704580] microcode: CPU0 sig=0x40651, pf=0x40, revision=0x0
[   32.714335] microcode: CPU1 sig=0x40651, pf=0x40, revision=0x0
[   32.781757] microcode: Microcode Update Driver: v2.01 <tigran@aivazian.fsnet.co.uk>, Peter Oruba
[   32.786670] registered taskstats version 1
[   32.788832] Loading compiled-in X.509 certificates
[   32.792373] Loaded X.509 cert 'Build time autogenerated kernel key: 420a71e958a947963108b13c1c2e45412a03ca90'
[   32.797251] zswap: loaded using pool lzo/zbud
[   32.803194] Key type trusted registered
[   32.823226] Key type encrypted registered
[   32.830173] AppArmor: AppArmor sha1 policy hashing enabled
[   32.836498] ima: No TPM chip found, activating TPM-bypass!
[   32.843812] evm: HMAC attrs: 0x1
[   32.849129]   Magic number: 5:219:279
[   32.851765] event_source tracepoint: hash matches
[   32.854330] tty tty16: hash matches
[   32.857089] rtc_cmos rtc_cmos: setting system clock to 2017-10-16 12:15:56 UTC (1508156156)
[   32.863425] BIOS EDD facility v0.16 2004-Jun-25, 0 devices found
[   32.871951] EDD information not available.
[   32.882458] Freeing unused kernel memory: 1488K (ffffffff81f45000 - ffffffff820b9000)
[   32.890571] Write protecting the kernel read-only data: 14336k
[   32.895980] Freeing unused kernel memory: 1752K (ffff88000184a000 - ffff880001a00000)
[   32.905650] Freeing unused kernel memory: 112K (ffff880001de4000 - ffff880001e00000)
Loading, please wait...
starting version[   33.071740] random: systemd-udevd: uninitialized urandom read (16 bytes read, 3 bits of entropy available)
 229
[   33.072867] random: udevadm: uninitialized urandom read (16 bytes read, 3 bits of entropy available)
[   33.072925] random: udevadm: uninitialized urandom read (16 bytes read, 3 bits of entropy available)
[   33.073116] random: udevadm: uninitialized urandom read (16 bytes read, 3 bits of entropy available)
[   33.073187] random: udevadm: uninitialized urandom read (16 bytes read, 3 bits of entropy available)
[   33.073259] random: udevadm: uninitialized urandom read (16 bytes read, 3 bits of entropy available)
[   33.073395] random: udevadm: uninitialized urandom read (16 bytes read, 3 bits of entropy available)
[   33.073465] random: udevadm: uninitialized urandom read (16 bytes read, 3 bits of entropy available)
[   33.073537] random: udevadm: uninitialized urandom read (16 bytes read, 3 bits of entropy available)
[   33.073602] random: udevadm: uninitialized urandom read (16 bytes read, 3 bits of entropy available)
[   34.613105] e1000: Intel(R) PRO/1000 Network Driver - version 7.3.21-k8-NAPI
[   34.616537] e1000: Copyright (c) 1999-2006 Intel Corporation.
[   34.656777] Fusion MPT base driver 3.04.20
[   34.658986] Copyright (c) 1999-2008 LSI Corporation
[   34.700053] Fusion MPT SPI Host driver 3.04.20
[   34.788837] AVX version of gcm_enc/dec engaged.
[   34.880006] AES CTR mode by8 optimization enabled
[   34.943313] input: ImExPS/2 Generic Explorer Mouse as /devices/platform/i8042/serio1/input/input4
[   35.096887] e1000 0000:00:03.0 eth0: (PCI:33MHz:32-bit) 02:c0:e2:3c:71:11
[   35.641554] e1000 0000:00:03.0 eth0: Intel(R) PRO/1000 Network Connection
[   36.182995] mptbase: ioc0: Initiating bringup
[   36.183532] e1000 0000:00:03.0 enp0s3: renamed from eth0
[   36.889586] ioc0: LSI53C1030 A0: Capabilities={Initiator}
[   37.243430] scsi host2: ioc0: LSI53C1030 A0, FwRev=00000000h, Ports=1, MaxQ=256, IRQ=20
[   37.921968] floppy0: no floppy controllers found
[   38.071770] scsi 2:0:0:0: Direct-Access     VBOX     HARDDISK         1.0  PQ: 0 ANSI: 5
[   38.071777] scsi target2:0:0: Beginning Domain Validation
[   38.073315] scsi target2:0:0: Domain Validation skipping write tests
[   38.073317] scsi target2:0:0: Ending Domain Validation
[   38.073420] scsi target2:0:0: asynchronous
[   38.073932] scsi 2:0:1:0: Direct-Access     VBOX     HARDDISK         1.0  PQ: 0 ANSI: 5
[   38.073937] scsi target2:0:1: Beginning Domain Validation
[   38.075382] scsi target2:0:1: Domain Validation skipping write tests
[   38.075383] scsi target2:0:1: Ending Domain Validation
[   38.075538] scsi target2:0:1: asynchronous
[   38.090349] sd 2:0:0:0: Attached scsi generic sg0 type 0
[   38.093533] sd 2:0:1:0: Attached scsi generic sg1 type 0
[   38.095272] sd 2:0:0:0: [sda] 20971520 512-byte logical blocks: (10.7 GB/10.0 GiB)
[   38.096327] sd 2:0:0:0: [sda] Write Protect is off
[   38.097083] sd 2:0:0:0: [sda] Incomplete mode parameter data
[   38.097084] sd 2:0:0:0: [sda] Assuming drive cache: write through
[   38.103364]  sda: sda1
[   38.103919] sd 2:0:0:0: [sda] Attached SCSI disk
[   38.104024] sd 2:0:1:0: [sdb] 20480 512-byte logical blocks: (10.5 MB/10.0 MiB)
[   38.104200] sd 2:0:1:0: [sdb] Write Protect is off
[   38.104508] sd 2:0:1:0: [sdb] Incomplete mode parameter data
[   38.104510] sd 2:0:1:0: [sdb] Assuming drive cache: write through
[   38.105997] sd 2:0:1:0: [sdb] Attached SCSI disk
Begin: Loading e[   40.558106] md: linear personality registered for level -1
ssential drivers[   40.648921] md: multipath personality registered for level -4
 ... [   40.763660] md: raid0 personality registered for level 0
[   40.859514] md: raid1 personality registered for level 1
[   41.261964] raid6: sse2x1   gen()  8498 MB/s
[   41.397407] raid6: sse2x1   xor()  3477 MB/s
[   41.841516] raid6: sse2x2   gen()  8404 MB/s
[   42.265626] raid6: sse2x2   xor()  7211 MB/s
[   42.511017] raid6: sse2x4   gen()  9489 MB/s
[   42.891007] raid6: sse2x4   xor()  7553 MB/s
[   42.913004] raid6: using algorithm sse2x4 gen() 9489 MB/s
[   42.915378] raid6: .... xor() 7553 MB/s, rmw enabled
[   42.933092] raid6: using ssse3x2 recovery algorithm
[   42.940709] xor: automatically using best checksumming function:
[   43.009358]    avx       : 16024.000 MB/sec
[   43.026741] async_tx: api initialized (async)
[   43.039914] md: raid6 personality registered for level 6
[   43.042677] md: raid5 personality registered for level 5
[   43.045857] md: raid4 personality registered for level 4
[   43.058374] md: raid10 personality registered for level 10
done.
Begin: Running /scripts/init-premount ... done[   43.101054] Btrfs loaded
.
Begin: Mounting root file system ... Begin: R[   43.194764] EXT4-fs (sda1): mounted filesystem with ordered data mode. Opts: (null)
unning /scripts/local-top ... done.
Begin: Running /scripts/local-premount ... Scanning for Btrfs filesystems
done.
Warning: fsck not present, so skipping root file system
done.
Begin: Running /scripts/local-bottom ... done.
Begin: Running /scripts/init-bottom ... done.
[   43.610716] systemd[1]: systemd 229 running in system mode. (+PAM +AUDIT +SELINUX +IMA +APPARMOR +SMACK +SYSVINIT +UTMP +LIBCRYPTSETUP +GCRYPT +GNUTLS +ACL +XZ -LZ4 +SECCOMP +BLKID +ELFUTILS +KMOD -IDN)
[   43.888196] systemd[1]: Detected virtualization oracle.
[   43.977867] systemd[1]: Detected architecture x86-64.

Welcome to [1mUbuntu 16.04.3 LTS[0m!

[   44.097783] systd[: t stmeo butu>.
[   44.503933] systemd[1]: Initializing machine ID from random generator.
[   44.667328] systemd[1]: Installed transient /etc/machine-id file.
[ 441843] systemd[1]: Listening onSyogoct.
[[0;32m  OK  [0m] Listening on Syslog Socket.
[   45.429580] systemd[1]: Reached target ap
[[0;32m  OK  [0m] Reached target Swap.
[   45.723735] systemd[1]: Started Trigger resolvconf update for networkd DNS.
[[0;32m  OK  [0m] Started Trigger resolvconf update for networkd DNS.
[   45.731437] systemd[1]: Set up automount Arbitrary Executable File Formats File System Automount Point.
[[0;32m  OK  [0m] Set up automount Arbitrary Executab...ats File System Automount Point.
[   45.741294] systemd[1]: Listening on Journal Audit Socket.
[[0;32m  OK  [0m] Listening on Journal Audit Socket.
[   45.747671] systemd[1]: Started Forward Password Requests to Wall Directory Watch.
[[0;32m  OK  [0m] Started Forward Password Requests to Wall Directory Watch.
[   45.756542] systemd[1]: Listening on LVM2 poll daemon socket.
[[0;32m  OK  [0m] Listening on LVM2 poll daemon socket.
[   45.764757] systemd[1]: Listening on udev Kernel Socket.
[[0;32m  OK  [0m] Listening on udev Kernel Socket.
[   45.770721] systemd[1]: Reached target User and Group Name Lookups.
[[0;32m  OK  [0m] Reached target User and Group Name Lookups.
[   45.777649] systemd[1]: Listening on Journal Socket (/dev/log).
[[0;32m  OK  [0m] Listening on Journal Socket (/dev/log).
[   45.784449] systemd[1]: Listening on Device-mapper event daemon FIFOs.
[[0;32m  OK  [0m] Listening on Device-mapper event daemon FIFOs.
[   45.791993] systemd[1]: Listening on /dev/initctl Compatibility Named Pipe.
[[0;32m  OK  [0m] Listening on /dev/initctl Compatibility Named Pipe.
[   45.800379] systemd[1]: Created slice User and Session Slice.
[[0;32m  OK  [0m] Created slice User and Session Slice.
[   45.807582] systemd[1]: Created slice System Slice.
[[0;32m  OK  [0m] Created slice System Slice.
[  45.933602] systemd[1]: Reachedtarget Slices.
[[0;32m  OK  [0m] Reached target Slices.
[ 46575]ysmd[1]: reed slice system-serial\x2dgetty.slice.
[[0;32m  OK  [0m] Created slice system-serial\x2dgetty.slice.
[   49462] systemd[1]: Listening on LVM2 mada em ske
[[0;32m  OK  [0m] Listening on LVM2 metadata daemon socket.
[   47.505621] systemd[1]: Listening on Jrn Ske
[[0;32m  OK  [0m] Listening on Journal Socket.
[   47.956620] systemd[1]: Mounting POSIX Message Queue File System...
         Mounting POSIX Message Queue File System...
[ 48893]anm:onlocking pool is initialized
[   48.633623] systemd[1]: Starting Create list of required static device nodes for the current kernel...
         Starting Create list of required st... nodes for the current kernel...
[   48.949534] systemd[1]: Mounting Huge Pages File System...
         Mounting Huge Pages File System...
[   49.061613] systemd[1]: Starting Journal Service...
         Starting Journal Service...
[   49.193494] systemd[1]: Starting Nameserver information manager...
         Starting Nameserver information manager...
[   49.354252] systemd[1]: Starting Monitoring of LVM2 mirrors, snapshots etc. using dmeventd or progress polling...
         Starting Monitoring of LVM2 mirrors... dmeventd or progress polling...
[   49.541631] systemd[1]: Starting Remount Root and Kernel File Systems...
         [   49.636430] EXT4-fs (sda1): re-mounted. Opts: (null)
Starting Remount Root and Kernel File Systems...
[   49.801508] systemd[1]: Mounting Debug File System...
         Mounting Debug File System...
[   49.889610] systemd[1]: Starting Load Kernel Modules...
[   50.042860] Loading iSCSI transport class v2.0-870.
         Starting Load Ke[   51.067451] iscsi: registered transport (tcp)
rnel Modules...
[   51.141240] systemd[1]: Starting Uncomplicated firewall...
         Starting Uncomplicated firewall...
[   51.182003] systemd[1]: Starting Set console keymap...
         Startin[   51.257715] iscsi: registered transport (iser)
g Set console keymap...
[   51.289657] systemd[1]: Listening on udev Control Socket.
[[0;32m  OK  [0m] Listening on udev Control Socket.
[   51.733570] systemd[1]: Reached target Encrypted Volumes.
[[0;32m  OK  [0m] Reached target Encrypted Volumes.
[   52.286301] systemd[1]: Mounted POSIX Message Queue File System.
[[0;32m  OK  [0m] Mounted POSIX Message Queue File System.
[   52.817578] syttemd[1]: Mounted Huge Pages File System.
[[0;32m  OK  [0m] Mounted Huge Pages File System.
[   53.253601] systemd[1]: Mounted Debug File System.
[[0;32m  OK  [0m] Mounted Debug File System.
[   53.685681] systemd[1]:SSaarted Journal Service.
[[0;32m  OK  [0m] Started Journal Service.
[[0;32m  OK  [0m] Started Create list of required sta...ce nodes for the current kernel.
[[0;32m  OK  [0m] Started Remount Root and Kernel File Systems.
[[0;32m  OK  [0m] Started Load Kernel Modules.
[[0;32m  OK  [0m] Started Uncomplicated firewall.
[[0;32m  OK  [0m] Started Set console keymap.
[[0;32m  OK  [0m] Started Nameserver information manager.
[[0;32m  OK  [0m] Started LVM2 metadata daemon.
         Mounting FUSE Control File System...
         Starting Apply Kernel Variables...
         Starting Load/Save Random Seed...
         Starting udev Coldplug all Devices...
         Starting Initial cloud-init job (pre-networking)...
         Starting Create Static Device Nodes in /dev...
         Starting Flush Journal to Persistent Storage...
[[0;32m  OK  [0m] Mounted FUSE Control File System.
[[0;32m  OK  [0m] Started Apply Kernel Variables.
[[0;32m  OK  [0m] Started Load/Save Random Seed.
[[0;32m  OK  [0m] Started Monitoring of LVM2 mirrors,...ng dmeventd or progress polling.
[[0;32m  OK  [0m] Started Create Static Device Nodes in /dev.
[[0;32m  OK  [0m] Started udev Coldplug all Devices.
[[0;32m  OK  [0m] Started Flush Journal to Persistent Storage.
[   38.095281] cloud-init[453]: Cloud-init v. 0.7.9 running 'init-local' at Mon, 16 Oct 2017 12:16:18 +0000. Up 37.85 seconds.
         Starting udev Kernel Device Manager...
[[0;32m  OK  [0m] Started udev Kernel Device Manager.
[[0;32m  OK  [0m] Started Initial cloud-init job (pre-networking).
[[0;32m  OK  [0m] Found device /dev/ttyS0.
[[0;32m  OK  [0m] Listening on Load/Save RF Kill Switch Status /dev/rfkill Watch.
[[0;32m  OK  [0m] Reached target Network (Pre).
[[0;32m  OK  [0m] Reached target Local File Systems (Pre).
[[0;32m  OK  [0m] Reached target Local File Systems.
         Starting LSB: AppArmor initialization...
         Starting Set console font and keymap...
         Starting Commit a transient machine-id on disk...
         Starting Tell Plymouth To Write Out Runtime Data...
         Starting Create Volatile Files and Directories...
[[0;32m  OK  [0m] Started Dispatch Password Requests to Console Directory Watch.
[[0;1;31mFAILED[0m] Failed to start Set console font and keymap.
See 'systemctl status console-setup.service' for details.
[[0;32m  OK  [0m] Started Commit a transient machine-id on disk.
[[0;32m  OK  [0m] Started Tell Plymouth To Write Out Runtime Data.
[[0;32m  OK  [0m] Started Create Volatile Files and Directories.
[[0;32m  OK  [0m] Reached target System Time Synchronized.
         Starting Update UTMP about System Boot/Shutdown...
[[0;32m  OK  [0m] Created slice system-getty.slice.
[[0;32m  OK  [0m] Started Update UTMP about System Boot/Shutdown.
[[0;32m  OK  [0m] Started LSB: AppArmor initialization.
[[0;32m  OK  [0m] Started ifup for enp0s3.
         Starting Raise network interfaces...
[[0;32m  OK  [0m] Started Raise network interfaces.
[[0;32m  OK  [0m] Reached target Network.
         Starting Initial cloud-init job (metadata service crawler)...
[   43.286085] cloud-init[920]: Cloud-init v. 0.7.9 running 'init' at Mon, 16 Oct 2017 12:16:23 +0000. Up 42.37 seconds.
[   43.472566] [cloud-init[0;32m  OK  [0m[920]: ] ci-info: +++++++++++++++++++++++++++++++++++++Net device info++++++++++++++++++++++++++++++++++++++Started Initial cloud-init job (metadata service crawler).

[   43.472956] cloud-init[920]: ci-info: +--------+------+----------------------------+---------------+-------+-------------------+
[   43.820230] cloud-init[920]: ci-info: | Device |  Up  |          Address           |      Mask     | Scope |     Hw-Address    |
[   44.164332] [cloud-init[0;32m  OK  [0m[920]: ] ci-info: +--------+------+----------------------------+---------------+-------+-------------------+Reached target Network is Online.

[   44.372472] cloud-init[920]: ci-info: | enp0s3 | True |         10.0.2.15          | 255.255.255.0 |   .   | 02:c0:e2:3c:71:11 |
[   44.536345]          cloud-initStarting iSCSI initiator daemon (iscsid)...[920]: 
ci-info: | enp0s3 | True | fe80::c0:e2ff:fe3c:7111/64 |       .       |  link | 02:c0:e2:3c:71:11 |
[   44.776410] [cloud-init[0;32m  OK  [0m[920]: ] ci-info: |   lo   | True |         127.0.0.1          |   255.0.0.0   |   .   |         .         |Reached target System Initialization.

[[0;32m  OK  [0m] Started Daily apt download activities.
[   44.777022] cloud-init[920]: ci-info: |   lo   | True |          ::1/128           |       .       |  host |         .         |
[   45.184263] [cloud-init[0;32m  OK  [0m[920]: ] ci-info: +--------+------+----------------------------+---------------+-------+-------------------+Started ACPI Events Check.

[   45.396413] cloud-init[920]: ci-info: +++++++++++++++++++++++++++Route IPv4 info++++++++++++++++++++++++++++
[   45.520186] [cloud-init[0;32m  OK  [0m[920]: ] ci-info: +-------+-------------+----------+---------------+-----------+-------+Reached target Paths.

[   45.712435] cloud-init[920]: ci-info: | Route | Destination | Gateway  |    Genmask    | Interface | Flags |
[   45.870002]          cloud-initStarting Socket activation for snappy daemon.[920]: 
ci-info: +-------+-------------+----------+---------------+-----------+-------+
[[0;32m  OK  [0m] Listening on D-Bus System Message Bus Socket.
[   45.870502] cloud-init[920]: ci-info: |   0   |   0.0.0.0   | 10.0.2.2 |    0.0.0.0    |   enp0s3  |   UG  |
[   46.264470] cloud-init[920]: ci-info: |   1   |   10.0.2.0  | 0.0.0.0  | 255.255.255.0 |   enp0s3  |   U   |
[   46.410058] [cloud-init[0;32m  OK  [0m[920]: ] ci-info: +-------+-------------+----------+---------------+-----------+-------+Started Timer to automatically refresh installed snaps.

[   46.624399] [cloud-init[0;32m  OK  [0m[920]: ] Generating public/private rsa key pair.Started Daily apt upgrade and clean activities.

[   46.624900]          Starting LXD - unix socket.
[[0;32m  OK  [0m] Started Daily Cleanup of Temporary Directories.
[[0;32m  OK  [0m] Reached target Timers.
[[0;32m  OK  [0m] Listening on ACPID Listen Socket.
[[0;32m  OK  [0m] Listening on UUID daemon activation socket.
[[0;32m  OK  [0m] Reached target Cloud-config availability.
cloud-init[920]: Your identification has been saved in /etc/ssh/ssh_host_rsa_key.
[   47.244453] cloud-init[920]: Your public key has been saved in /etc/ssh/ssh_host_rsa_key.pub.
[   47.356372] [cloud-init[0;32m  OK  [0m[920]: ] The key fingerprint is:Listening on Socket activation for snappy daemon.

[[0;32m  OK  [0m] Listening on LXD - unix socket.
[   47.356839] cloud-init[920]: SHA256:rCC2pYjXYRpNPMfJtL31Uwem7g8Y7p4HQWE1v9V7IrM root@ubuntu-xenial
[   47.679465] [cloud-init[0;32m  OK  [0m[920]: ] The key's randomart image is:Started iSCSI initiator daemon (iscsid).

[   47.679929] cloud-init[920]: +---[RSA 2048]----+
[   47.876405]          cloud-initStarting Login to default iSCSI targets...[920]: 
|      .   ooo o  |
[   47.996392] [cloud-init[0;32m  OK  [0m[920]: ] |   . + + ..  = ..|Reached target Sockets.

[[0;32m  OK  [0m] Reached target Basic System.
[   47.996872] cloud-init[920]: |    + * ... . o +|
[   48.216473] cloud-init[920]: |   o o . o.o . +.|
[   48.290018] [cloud-init[0;32m  OK  [0m[920]: ] |  + *   S ..* o..|Started Regular background program processing daemon.

[   48.290526] cloud-init[920]: |.o X o . ..+ = ..|
[   48.500283]          cloud-initStarting Apply the settings specified in cloud-config...[920]: 
|o = . .   o.E    |
         Starting Accounts Service...
[   48.577351] cloud-init[920]: | .       . ..o   |
         Starting LSB: MD monitoring daemon...
[   48.691025] cloud-init[920]: |         .+.  .  |
[   48.789850] cloud-init[920]: +----[SHA256]-----+
[[0;32m  OK  [0m] Started ACPI event daemon.
[   48.847579] cloud-init[920]: Generating public/private dsa key pair.
         Starting Login Service...
[   48.953664] cloud-init[920]: Your identification has been saved in /etc/ssh/ssh_host_dsa_key.
[   49.028847] cloud-init[920]: Your public key has been saved in /etc/ssh/ssh_host_dsa_key.pub.
[   49.103125] [[0;32m  OK  [0m] Started FUSE filesystem for LXC.
cloud-init[920]: The key fingerprint is:
[   49.108653] cloud-init[920]: SHA256:npGCIalQdmWyJQ5LzON8231AfJPa69s02HAEKC+oa+Y root@ubuntu-xenial
[   49.203181]          cloud-initStarting LXD - container startup/shutdown...[920]: 
The key's randomart image is:
[   49.380582] cloud-init[920]: +---[DSA 1024]----+
         Starting System Logging Service...
[[0;32m  OK  [0m] Started Unattended Upgrades Shutdown.
[   49.507282] cloud-init[920]: | o= +.+. ...     |
[[0;32m  OK  [0m] Started Snappy daemon.
[   49.896977] cloud-init[920]: | ++* *. + +.     |
[   49.929732] cloud-init[920]: |.o+.+. + + ..    |
         Starting Auto import assertions from block devices...
[[0;32m  OK  [0m] Started D-Bus System Message Bus.
[   49.960893] cloud-init[920]: |..o.oo. +...     |
[   49.973062] cloud-init[920]: |.  o.o.oS....    |
[   49.986816] cloud-init[920]: |  . . .o.oo=     |
[   49.995307] cloud-init[920]: |   .    oo. +    |
[   50.004176] cloud-init[920]: |  +       .o .   |
[   50.009838] cloud-init[920]: | +E       ...    |
[   50.016748] cloud-init[920]: +----[SHA256]-----+
[   50.020677] cloud-init[920]: Generating public/private ecdsa key pair.
[   50.025410] cloud-init[920]: Your identification has been saved in /etc/ssh/ssh_host_ecdsa_key.
[   50.031012]          Starting Pollinate to seed the pseudo random number generator...
cloud-init[920]: Your public key has been saved in /etc/ssh/ssh_host_ecdsa_key.pub.         Starting LSB: Record successful boot for GRUB...
[[0;32m  OK  [0m] Started Deferred execution scheduler.
         Starting /etc/rc.local Compatibility...
[[0;32m  OK  [0m] Started System Logging Service.

[[0;32m  OK  [0m] Started LXD - container startup/shutdown.
[[0;32m  OK  [0m] Started Auto import assertions from block devices.
[[0;32m  OK  [0m[   50.239399] cloud-init[920]: The key fingerprint is:
[   50.507495] cloud-init[920]: SHA256:JIB5ceAaoSwZLjN7Xv1NwisKqbboKXzGvCW+ruBXqg0 root@ubuntu-xenial
[   50.507604] cloud-init[920]: The key's randomart image is:
[   50.507683] cloud-init[920]: +---[ECDSA 256]---+
[   50.507759] cloud-init[920]: |. .o+o.          |
[   50.507834] cloud-init[920]: |o+oo.o           |
[   50.507921] cloud-init[920]: |Bo... . .        |
[   50.508001] cloud-init[920]: |o+ o . +         |
[   50.508075] cloud-init[920]: |. o . . S .      |
[   50.508168] cloud-init[920]: | o o . . =       |
[   50.508242] cloud-init[920]: |oE*.o.. o .      |
[   50.508319] cloud-init[920]: |=+=Oo. .         |
[   50.508427] cloud-init[920]: |*BO*+            |
[   50.508509] cloud-init[920]: +----[SHA256]-----+
[   50.508719] cloud-init[920]: Generating public/private ed25519 key pair.
[   50.508805] cloud-init[920]: Your identification has been saved in /etc/ssh/ssh_host_ed25519_key.
[   50.508884] cloud-init[920]: Your public key has been saved in /etc/ssh/ssh_host_ed25519_key.pub.
[   50.508967] cloud-init[920]: The key fingerprint is:
[   50.509050] cloud-init[920]: SHA256:TrbMfk4vW6ibjxk/EuSvPSRwf66tk8elmeqLnrVnWXo root@ubuntu-xenial
[   50.509221] cloud-init[920]: The key's randomart image is:
[   50.510319] cloud-init[920]: +--[ED25519 256]--+
[   50.510394] cloud-init[920]: |                 |
[   50.510457] cloud-init[920]: |                 |
[   50.510523] cloud-init[920]: |                 |
[   50.510584] cloud-init[920]: |      . o        |
[   50.510642] cloud-init[920]: |       =S.       |
[   50.510695] cloud-init[920]: |       *+.o.. o  |
[   50.510748] cloud-init[920]: |        *=+=.O   |
[   50.510802] cloud-init[920]: |       ..&O=% E  |
[   50.510858] cloud-init[920]: |       .%O&#o.   |
[   50.510920] cloud-init[920]: +----[SHA256]-----+
] Started /etc/rc.local Compatibility.
[   50.522981] cloud-init[1024]: Generating locales (this might take a while)...
[[0;32m  OK  [0m] Started Pollinate to seed the pseudo random number generator.
[   52.244837] cloud-init[1024]:   en_US.UTF-8... done
[[0;32m  OK  [0m] Started Login to default iSCSI targets.
[   52.420782] cloud-init[1024]: Generation complete.
[[0;32m  OK  [0m] Started LSB: MD monitoring daemon.
[[0;32m  OK  [0m] Started LSB: Record successful boot for GRUB.
[[0;32m  OK  [0m] Started Login Service.
         Starting Authenticate and Authorize Users to Run Privileged Tasks...
[[0;32m  OK  [0m] Reached target Remote File Systems (Pre).
[[0;32m  OK  [0m] Reached target Remote File Systems.
         Starting LSB: daemon to balance interrupts for SMP systems...
         Starting Permit User Sessions...
         Starting LSB: automatic crash report generation...
         Starting LSB: Set the CPU Frequency Scaling governor to "ondemand"...
         Starting LSB: VirtualBox Linux Additions...
[[0;32m  OK  [0m] Stopped OpenBSD Secure Shell server.
         Starting OpenBSD Secure Shell server...
[[0;32m  OK  [0m] Started OpenBSD Secure Shell server.
[[0;32m  OK  [0m] Started Permit User Sessions.
[[0;32m  OK  [0m] Started Authenticate and Authorize Users to Run Privileged Tasks.
[[0;32m  OK  [0m] Started Accounts Service.
[[0;32m  OK  [0m] Started LSB: daemon to balance interrupts for SMP systems.
[[0;32m  OK  [0m] Started LSB: Set the CPU Frequency Scaling governor to "ondemand".
[   53.929784] cloud-init[1024]: Cloud-init v. 0.7.9 running 'modules:config' at Mon, 16 Oct 2017 12:16:29 +0000. Up 48.87 seconds.
[[0;32m  OK  [0m] Started Apply the settings specified in cloud-config.
[[0;32m  OK  [0m] Started LSB: automatic crash report generation.
[[0;32m  OK  [0m] Created slice User Slice of ubuntu.
[[0;32m  OK  [0m] Started Session 1 of user ubuntu.
         Starting User Manager for UID 1000...
         Starting Terminate Plymouth Boot Screen...
         Starting Hold until boot process finishes up...
[[0;32m  OK  [0m] Started User Manager for UID 1000.
[[0;32m  OK  [0m] Started LSB: VirtualBox Linux Additions.
[[0;32m  OK  [0m] Started Terminate Plymouth Boot Screen.
[[0;32m  OK  [0m] Started Hold until boot process finishes up.
[[0;32m  OK  [0m] Started Getty on tty1.
[[0;32m  OK  [0m] Started Serial Getty on ttyS0.
[[0;32m  OK  [0m] Reached target Login Prompts.
         Starting Set console scheme...
[[0;32m  OK  [0m] Reached target Multi-User System.
         Starting Execute cloud user/final scripts...
[[0;32m  OK  [0m] Reached target Graphical Interface.
         Starting Update UTMP about System Runlevel Changes...
[[0;32m  OK  [0m] Started Set console scheme.
[[0;32m  OK  [0m] Started Update UTMP about System Runlevel Changes.
ci-info: no authorized ssh keys fingerprints found for user ubuntu.
<14>Oct 16 12:16:36 ec2: 
<14>Oct 16 12:16:36 ec2: #############################################################
<14>Oct 16 12:16:36 ec2: -----BEGIN SSH HOST KEY FINGERPRINTS-----
<14>Oct 16 12:16:36 ec2: 1024 SHA256:npGCIalQdmWyJQ5LzON8231AfJPa69s02HAEKC+oa+Y root@ubuntu-xenial (DSA)
<14>Oct 16 12:16:36 ec2: 256 SHA256:JIB5ceAaoSwZLjN7Xv1NwisKqbboKXzGvCW+ruBXqg0 root@ubuntu-xenial (ECDSA)
<14>Oct 16 12:16:36 ec2: 256 SHA256:TrbMfk4vW6ibjxk/EuSvPSRwf66tk8elmeqLnrVnWXo root@ubuntu-xenial (ED25519)
<14>Oct 16 12:16:36 ec2: 2048 SHA256:rCC2pYjXYRpNPMfJtL31Uwem7g8Y7p4HQWE1v9V7IrM root@ubuntu-xenial (RSA)
<14>Oct 16 12:16:36 ec2: -----END SSH HOST KEY FINGERPRINTS-----
<14>Oct 16 12:16:36 ec2: #############################################################
-----BEGIN SSH HOST KEY KEYS-----
ecdsa-sha2-nistp256 AAAAE2VjZHNhLXNoYTItbmlzdHAyNTYAAAAIbmlzdHAyNTYAAABBBBeQiVbGSoHqUaht3VQQllwyiMFXq7OXN+Q48XYZy5z8BaXcpFx+GneMATkAEgbGNuw0UbDUGcPANrko/waeoy4= root@ubuntu-xenial
ssh-ed25519 AAAAC3NzaC1lZDI1NTE5AAAAIFO6d2TyVeeSA5Y4j7+dbIhAo4qj0C9BnqPqheGFX6iZ root@ubuntu-xenial
ssh-rsa AAAAB3NzaC1yc2EAAAADAQABAAABAQDAQh9ZSDttQYqau4XNZtCF2mumcuFlSMRFdZ8BKJ9mh2qTk6WfRca6QjA+iJvUSgbHKAyTHLgNSt8JzA2pa7yb2wFMpBBMEAUrHwGD86fyTFzKakrNU7SLOS8algUGX1OOEQgPj8N4ZyX1+vbvnsm7EhqP9KKHrZ2OPukAwgOrIZzffsoKxxIIyxprliTQSHcLw46o0smyr8mzPN3ijNOzuAaL0raX4vDSSlC6eLLukI52Vstnf2dnilZIL6q/6vlWaKNhqsjln+NFBnf1puVFaZYocq8wXUI2dun75S3qESb8cKoNXAqyuqUdmPqKO5JdSRC5XViSrZ3uviCe/g3d root@ubuntu-xenial
-----END SSH HOST KEY KEYS-----
[   56.117126] cloud-init[1293]: Cloud-init v. 0.7.9 running 'modules:final' at Mon, 16 Oct 2017 12:16:36 +0000. Up 55.61 seconds.
[   56.140118] cloud-init[1293]: ci-info: no authorized ssh keys fingerprints found for user ubuntu.
[   56.148823] cloud-init[1293]: Cloud-init v. 0.7.9 finished at Mon, 16 Oct 2017 12:16:37 +0000. Datasource DataSourceNoCloud [seed=/dev/sdb][dsmode=net].  Up 56.09 seconds
[[0;32m  OK  [0m] Started Execute cloud user/final scripts.
[[0;32m  OK  [0m] Reached target Cloud-init target.

Ubuntu 16.04.3 LTS ubuntu-xenial ttyS0

ubuntu-xenial login: 